<?xml version="1.0" encoding="UTF-8"?>
<testng-results ignored="0" total="3" passed="3" failed="0" skipped="0">
  <reporter-output>
  </reporter-output>
  <suite started-at="2023-03-02T19:37:55 IST" name="Suite" finished-at="2023-03-02T19:39:44 IST" duration-ms="109009">
    <groups>
    </groups>
    <test started-at="2023-03-02T19:37:55 IST" name="Test" finished-at="2023-03-02T19:39:44 IST" duration-ms="109009">
      <class name="TestNG.Example17_ParameterTest">
        <test-method signature="Firefox()[pri:0, instance:TestNG.Example17_ParameterTest@32ee6fee]" started-at="2023-03-02T19:37:55 IST" name="Firefox" finished-at="2023-03-02T19:39:44 IST" duration-ms="108948" status="PASS">
          <reporter-output>
          </reporter-output>
        </test-method> <!-- Firefox -->
        <test-method signature="Chrome()[pri:0, instance:TestNG.Example17_ParameterTest@32ee6fee]" started-at="2023-03-02T19:37:55 IST" name="Chrome" finished-at="2023-03-02T19:38:06 IST" duration-ms="10930" status="PASS">
          <reporter-output>
          </reporter-output>
        </test-method> <!-- Chrome -->
        <test-method signature="Edge()[pri:0, instance:TestNG.Example17_ParameterTest@32ee6fee]" started-at="2023-03-02T19:37:55 IST" name="Edge" finished-at="2023-03-02T19:38:06 IST" duration-ms="10861" status="PASS">
          <reporter-output>
          </reporter-output>
        </test-method> <!-- Edge -->
      </class> <!-- TestNG.Example17_ParameterTest -->
    </test> <!-- Test -->
  </suite> <!-- Suite -->
</testng-results>
