<?xml version="1.0" encoding="UTF-8"?>
<!-- Generated by org.testng.reporters.JUnitXMLReporter -->
<testsuite ignored="1" hostname="BAPradeep" failures="0" tests="2" name="Default test" time="0.145" errors="0" timestamp="2023-05-01T10:37:13 IST">
  <testcase classname="TestNG.Example07_Enable" name="Dashboard" time="0.014"/>
  <testcase classname="TestNG.Example07_Enable" name="Logout" time="0.001"/>
  <testcase classname="TestNG.Example07_Enable" name="login" time="0.0">
    <ignored/>
  </testcase> <!-- login -->
</testsuite> <!-- Default test -->
