<?xml version="1.0" encoding="UTF-8"?>
<testng-results ignored="0" total="2" passed="2" failed="0" skipped="0">
  <reporter-output>
  </reporter-output>
  <suite started-at="2023-03-30T16:44:21 IST" name="Suite" finished-at="2023-03-30T16:44:21 IST" duration-ms="78">
    <groups>
    </groups>
    <test started-at="2023-03-30T16:44:21 IST" name="Parameter" finished-at="2023-03-30T16:44:21 IST" duration-ms="78">
      <class name="TestNG.Example12_SumParameter">
        <test-method signature="parameter(int,int)[pri:0, instance:TestNG.Example12_SumParameter@7133da86]" started-at="2023-03-30T16:44:21 IST" name="parameter" finished-at="2023-03-30T16:44:21 IST" duration-ms="8" status="PASS">
          <params>
            <param index="0">
              <value>
                <![CDATA[12]]>
              </value>
            </param>
            <param index="1">
              <value>
                <![CDATA[15]]>
              </value>
            </param>
          </params>
          <reporter-output>
          </reporter-output>
        </test-method> <!-- parameter -->
      </class> <!-- TestNG.Example12_SumParameter -->
      <class name="TestNG.Example13_multiplyParameter">
        <test-method signature="multiply(int,int)[pri:0, instance:TestNG.Example13_multiplyParameter@618425b5]" started-at="2023-03-30T16:44:21 IST" name="multiply" finished-at="2023-03-30T16:44:21 IST" duration-ms="2" status="PASS">
          <params>
            <param index="0">
              <value>
                <![CDATA[12]]>
              </value>
            </param>
            <param index="1">
              <value>
                <![CDATA[15]]>
              </value>
            </param>
          </params>
          <reporter-output>
          </reporter-output>
        </test-method> <!-- multiply -->
      </class> <!-- TestNG.Example13_multiplyParameter -->
    </test> <!-- Parameter -->
  </suite> <!-- Suite -->
</testng-results>
