<?xml version="1.0" encoding="UTF-8"?>
<testng-results ignored="2" total="3" passed="1" failed="0" skipped="0">
  <reporter-output>
  </reporter-output>
  <suite started-at="2023-03-27T21:33:44 IST" name="Default suite" finished-at="2023-03-27T21:33:44 IST" duration-ms="80">
    <groups>
    </groups>
    <test started-at="2023-03-27T21:33:44 IST" name="Default test" finished-at="2023-03-27T21:33:44 IST" duration-ms="80">
      <class name="TestNG.Example06_Priority">
        <test-method signature="Logout()[pri:2, instance:TestNG.Example06_Priority@3232a28a]" started-at="2023-03-27T21:33:44 IST" name="Logout" finished-at="2023-03-27T21:33:44 IST" duration-ms="11" status="PASS">
          <reporter-output>
          </reporter-output>
        </test-method> <!-- Logout -->
      </class> <!-- TestNG.Example06_Priority -->
    </test> <!-- Default test -->
  </suite> <!-- Default suite -->
</testng-results>
